\BOOKMARK [0][-]{section*.3}{\376\377\000A\000c\000r\000o\000n\000y\000m\000s}{}% 1
\BOOKMARK [0][-]{section*.5}{\376\377\000G\000l\000o\000s\000s\000a\000r\000y}{}% 2
\BOOKMARK [0][-]{chapter.1}{\376\377\000I\000n\000t\000r\000o\000d\000u\000c\000t\000i\000o\000n}{}% 3
\BOOKMARK [1][-]{section.1.1}{\376\377\000M\000o\000t\000i\000v\000a\000t\000i\000o\000n\000s}{chapter.1}% 4
\BOOKMARK [2][-]{subsection.1.1.1}{\376\377\000S\000i\000e\000m\000e\000n\000s\000\040\000I\000n\000t\000e\000r\000n\000s\000h\000i\000p\000:\000\040\000H\000o\000l\000o\000g\000r\000a\000p\000h\000i\000c\000\040\000O\000v\000e\000r\000l\000a\000y\000\040\000S\000y\000s\000t\000e\000m}{section.1.1}% 5
\BOOKMARK [1][-]{section.1.2}{\376\377\000R\000e\000s\000e\000a\000r\000c\000h\000\040\000G\000o\000a\000l}{chapter.1}% 6
\BOOKMARK [1][-]{section.1.3}{\376\377\000R\000e\000s\000e\000a\000r\000c\000h\000\040\000Q\000u\000e\000s\000t\000i\000o\000n\000s}{chapter.1}% 7
\BOOKMARK [1][-]{section.1.4}{\376\377\000C\000o\000n\000t\000r\000i\000b\000u\000t\000i\000o\000n\000s}{chapter.1}% 8
\BOOKMARK [1][-]{section.1.5}{\376\377\000L\000i\000s\000t\000\040\000O\000f\000\040\000P\000u\000b\000l\000i\000c\000a\000t\000i\000o\000n\000s}{chapter.1}% 9
\BOOKMARK [1][-]{section.1.6}{\376\377\000D\000i\000s\000s\000e\000r\000t\000a\000t\000i\000o\000n\000\040\000S\000t\000r\000u\000c\000t\000u\000r\000e}{chapter.1}% 10
\BOOKMARK [0][-]{chapter.2}{\376\377\000B\000a\000c\000k\000g\000r\000o\000u\000n\000d}{}% 11
\BOOKMARK [1][-]{section.2.1}{\376\377\000H\000u\000m\000a\000n\000\040\000P\000e\000r\000c\000e\000p\000t\000i\000o\000n\000\040\000a\000n\000d\000\040\000D\000e\000p\000t\000h\000\040\000P\000e\000r\000c\000e\000p\000t\000i\000o\000n}{chapter.2}% 12
\BOOKMARK [2][-]{subsection.2.1.1}{\376\377\000D\000e\000p\000t\000h\000\040\000P\000e\000r\000c\000e\000p\000t\000i\000o\000n\000\040\000F\000u\000n\000d\000a\000m\000e\000n\000t\000a\000l\000s}{section.2.1}% 13
\BOOKMARK [2][-]{subsection.2.1.2}{\376\377\000R\000e\000s\000e\000a\000r\000c\000h\000\040\000i\000n\000t\000o\000\040\000t\000h\000e\000\040\000D\000e\000p\000t\000h\000\040\000P\000e\000r\000c\000e\000p\000t\000i\000o\000n\000\040\000o\000f\000\040\000C\000o\000l\000o\000r}{section.2.1}% 14
\BOOKMARK [1][-]{section.2.2}{\376\377\000I\000l\000l\000u\000s\000t\000r\000a\000t\000i\000v\000e\000\040\000R\000e\000n\000d\000e\000r\000i\000n\000g\000\040\000T\000e\000c\000h\000n\000i\000q\000u\000e\000s}{chapter.2}% 15
\BOOKMARK [2][-]{subsection.2.2.1}{\376\377\000V\000o\000l\000u\000m\000e\000t\000r\000i\000c\000\040\000I\000l\000l\000u\000s\000t\000r\000a\000t\000i\000v\000e\000\040\000R\000e\000n\000d\000e\000r\000i\000n\000g\000\040\000T\000e\000c\000h\000n\000i\000q\000u\000e\000s}{section.2.2}% 16
\BOOKMARK [1][-]{section.2.3}{\376\377\000D\000i\000r\000e\000c\000t\000\040\000V\000o\000l\000u\000m\000e\000\040\000R\000e\000n\000d\000e\000r\000i\000n\000g\000\040\000\050\000D\000V\000R\000\051}{chapter.2}% 17
\BOOKMARK [2][-]{subsection.2.3.1}{\376\377\000V\000i\000s\000u\000a\000l\000i\000z\000i\000n\000g\000\040\000V\000o\000l\000u\000m\000e\000t\000r\000i\000c\000\040\000D\000a\000t\000a}{section.2.3}% 18
\BOOKMARK [2][-]{subsection.2.3.2}{\376\377\000U\000s\000e\000\040\000C\000a\000s\000e\000s\000\040\000f\000o\000r\000\040\000D\000i\000r\000e\000c\000t\000\040\000V\000o\000l\000u\000m\000e\000\040\000R\000e\000n\000d\000e\000r\000i\000n\000g}{section.2.3}% 19
\BOOKMARK [2][-]{subsection.2.3.3}{\376\377\000H\000u\000m\000a\000n\000\040\000C\000o\000m\000p\000u\000t\000e\000r\000\040\000I\000n\000t\000e\000r\000a\000c\000t\000i\000o\000n\000\040\000\050\000H\000C\000I\000\051\000\040\000E\000x\000p\000e\000r\000i\000m\000e\000n\000t\000s\000\040\000U\000s\000i\000n\000g\000\040\000D\000i\000r\000e\000c\000t\000\040\000V\000o\000l\000u\000m\000e\000\040\000R\000e\000n\000d\000e\000r\000i\000n\000g\000\040\000\050\000D\000V\000R\000\051}{section.2.3}% 20
\BOOKMARK [1][-]{section.2.4}{\376\377\000A\000n\000\040\000i\000n\000t\000r\000o\000d\000u\000c\000t\000i\000o\000n\000\040\000t\000o\000\040\000A\000u\000g\000m\000e\000n\000t\000e\000d\000\040\000R\000e\000a\000l\000i\000t\000y\000\040\000\050\000A\000R\000\051\000\040\000a\000n\000d\000\040\000V\000i\000r\000t\000u\000a\000l\000\040\000R\000e\000a\000l\000i\000t\000y\000\040\000\050\000V\000R\000\051}{chapter.2}% 21
\BOOKMARK [2][-]{subsection.2.4.1}{\376\377\000M\000i\000x\000e\000d\000\040\000R\000e\000a\000l\000i\000t\000y\000\040\000\050\000M\000R\000\051\000\040\000H\000a\000r\000d\000w\000a\000r\000e}{section.2.4}% 22
\BOOKMARK [2][-]{subsection.2.4.2}{\376\377\000D\000e\000s\000i\000g\000n\000i\000n\000g\000\040\000A\000p\000p\000l\000i\000c\000a\000t\000i\000o\000n\000s\000\040\000f\000o\000r\000\040\000S\000t\000e\000r\000e\000o\000s\000c\000o\000p\000i\000c\000\040\000D\000i\000s\000p\000l\000a\000y\000s}{section.2.4}% 23
\BOOKMARK [2][-]{subsection.2.4.3}{\376\377\000V\000o\000l\000u\000m\000e\000\040\000R\000e\000n\000d\000e\000r\000i\000n\000g\000\040\000I\000n\000\040\000M\000i\000x\000e\000d\000\040\000R\000e\000a\000l\000i\000t\000y}{section.2.4}% 24
\BOOKMARK [1][-]{section.2.5}{\376\377\000A\000u\000g\000m\000e\000n\000t\000e\000d\000\040\000R\000e\000a\000l\000i\000t\000y\000\040\000E\000n\000a\000b\000l\000e\000d\000\040\000X\000-\000r\000a\000y\000\040\000V\000i\000s\000i\000o\000n}{chapter.2}% 25
\BOOKMARK [2][-]{subsection.2.5.1}{\376\377\000O\000b\000s\000e\000r\000v\000a\000t\000i\000o\000n\000s\000\040\000f\000r\000o\000m\000\040\000S\000y\000s\000t\000e\000m\000a\000t\000i\000c\000\040\000L\000i\000t\000e\000r\000a\000t\000u\000r\000e\000\040\000R\000e\000v\000i\000e\000w}{section.2.5}% 26
\BOOKMARK [2][-]{subsection.2.5.2}{\376\377\000R\000e\000s\000e\000a\000r\000c\000h\000\040\000E\000x\000p\000l\000o\000r\000i\000n\000g\000\040\000X\000-\000r\000a\000y\000\040\000V\000i\000s\000i\000o\000n}{section.2.5}% 27
\BOOKMARK [2][-]{subsection.2.5.3}{\376\377\000X\000-\000r\000a\000y\000\040\000V\000i\000s\000i\000o\000n\000\040\000T\000e\000c\000h\000n\000i\000q\000u\000e\000s}{section.2.5}% 28
\BOOKMARK [2][-]{subsection.2.5.4}{\376\377\000A\000p\000p\000l\000i\000c\000a\000t\000i\000o\000n\000s\000\040\000o\000f\000\040\000X\000-\000r\000a\000y\000\040\000V\000i\000s\000i\000o\000n}{section.2.5}% 29
\BOOKMARK [2][-]{subsection.2.5.5}{\376\377\000H\000a\000r\000d\000w\000a\000r\000e\000\040\000F\000o\000r\000\040\000X\000-\000r\000a\000y\000\040\000V\000i\000s\000i\000o\000n}{section.2.5}% 30
\BOOKMARK [1][-]{section.2.6}{\376\377\000P\000e\000r\000c\000e\000p\000t\000i\000o\000n\000\040\000a\000n\000d\000\040\000D\000e\000p\000t\000h\000\040\000P\000e\000r\000c\000e\000p\000t\000i\000o\000n\000\040\000t\000a\000s\000k\000s\000\040\000i\000n\000\040\000A\000u\000g\000m\000e\000n\000t\000e\000d\000\040\000R\000e\000a\000l\000i\000t\000y\000\040\000\050\000A\000R\000\051\000\040\000a\000n\000d\000\040\000V\000i\000r\000t\000u\000a\000l\000\040\000R\000e\000a\000l\000i\000t\000y\000\040\000\050\000V\000R\000\051\000\040\000H\000e\000a\000d\000\040\000M\000o\000u\000n\000t\000e\000d\000\040\000D\000i\000s\000p\000l\000a\000y\000s}{chapter.2}% 31
\BOOKMARK [2][-]{subsection.2.6.1}{\376\377\000D\000e\000p\000t\000h\000\040\000P\000e\000r\000c\000e\000p\000t\000i\000o\000n\000\040\000U\000s\000e\000r\000\040\000S\000t\000u\000d\000i\000e\000s\000\040\000o\000n\000\040\000O\000c\000u\000l\000a\000r\000\040\000S\000e\000e\000\040\000T\000h\000r\000o\000u\000g\000h\000\040\000\050\000O\000S\000T\000\051\000\040\000A\000u\000g\000m\000e\000n\000t\000e\000d\000\040\000R\000e\000a\000l\000i\000t\000y\000\040\000\050\000A\000R\000\051\000\040\000d\000i\000s\000p\000l\000a\000y\000s}{section.2.6}% 32
\BOOKMARK [1][-]{section.2.7}{\376\377\000R\000e\000s\000e\000a\000r\000c\000h\000\040\000G\000a\000p}{chapter.2}% 33
\BOOKMARK [0][-]{chapter.3}{\376\377\000S\000p\000a\000t\000i\000a\000l\000\040\000E\000s\000t\000i\000m\000a\000t\000i\000o\000n\000\040\000I\000n\000\040\000A\000u\000g\000m\000e\000n\000t\000e\000d\000\040\000R\000e\000a\000l\000i\000t\000y\000\040\000A\000i\000d\000e\000d\000\040\000X\000-\000R\000a\000y\000\040\000V\000i\000s\000i\000o\000n}{}% 34
\BOOKMARK [1][-]{section.3.1}{\376\377\000U\000p\000d\000a\000t\000e\000s\000\040\000S\000i\000n\000c\000e\000\040\000R\000u\000n\000n\000i\000n\000g\000\040\000T\000h\000i\000s\000\040\000S\000t\000u\000d\000y}{chapter.3}% 35
\BOOKMARK [1][-]{section.3.2}{\376\377\000A\000d\000o\000p\000t\000i\000n\000g\000\040\000X\000-\000r\000a\000y\000\040\000V\000i\000s\000u\000a\000l\000i\000z\000a\000t\000i\000o\000n\000s\000\040\000f\000o\000r\000\040\000A\000u\000g\000m\000e\000n\000t\000e\000d\000\040\000R\000e\000a\000l\000i\000t\000y}{chapter.3}% 36
\BOOKMARK [2][-]{subsection.3.2.1}{\376\377\000R\000a\000n\000d\000o\000m\000\040\000D\000o\000t\000\040\000X\000-\000r\000a\000y\000\040\000V\000i\000s\000u\000a\000l\000i\000z\000a\000t\000i\000o\000n}{section.3.2}% 37
\BOOKMARK [2][-]{subsection.3.2.2}{\376\377\000T\000e\000s\000s\000e\000l\000l\000a\000t\000i\000o\000n\000\040\000X\000-\000r\000a\000y\000\040\000V\000i\000s\000u\000a\000l\000i\000z\000a\000t\000i\000o\000n}{section.3.2}% 38
\BOOKMARK [2][-]{subsection.3.2.3}{\376\377\000E\000d\000g\000e\000-\000b\000a\000s\000e\000d}{section.3.2}% 39
\BOOKMARK [2][-]{subsection.3.2.4}{\376\377\000S\000a\000l\000i\000e\000n\000c\000y}{section.3.2}% 40
\BOOKMARK [1][-]{section.3.3}{\376\377\000R\000e\000n\000d\000e\000r\000i\000n\000g\000\040\000C\000o\000n\000s\000i\000d\000e\000r\000a\000t\000i\000o\000n\000s}{chapter.3}% 41
\BOOKMARK [2][-]{subsection.3.3.1}{\376\377\000V\000i\000d\000e\000o\000\040\000I\000m\000a\000g\000e\000\040\000O\000v\000e\000r\000l\000a\000y\000\040\000M\000e\000t\000h\000o\000d}{section.3.3}% 42
\BOOKMARK [1][-]{section.3.4}{\376\377\000P\000i\000l\000o\000t\000\040\000S\000t\000u\000d\000y}{chapter.3}% 43
\BOOKMARK [1][-]{section.3.5}{\376\377\000U\000s\000e\000r\000\040\000S\000t\000u\000d\000y}{chapter.3}% 44
\BOOKMARK [2][-]{subsection.3.5.1}{\376\377\000R\000e\000s\000e\000a\000r\000c\000h\000\040\000Q\000u\000e\000s\000t\000i\000o\000n\000s}{section.3.5}% 45
\BOOKMARK [2][-]{subsection.3.5.2}{\376\377\000H\000y\000p\000o\000t\000h\000e\000s\000e\000s}{section.3.5}% 46
\BOOKMARK [2][-]{subsection.3.5.3}{\376\377\000P\000a\000r\000t\000i\000c\000i\000p\000a\000n\000t\000s}{section.3.5}% 47
\BOOKMARK [2][-]{subsection.3.5.4}{\376\377\000S\000t\000u\000d\000y\000\040\000D\000e\000s\000i\000g\000n}{section.3.5}% 48
\BOOKMARK [2][-]{subsection.3.5.5}{\376\377\000S\000t\000u\000d\000y\000\040\000V\000a\000r\000i\000a\000b\000l\000e\000s}{section.3.5}% 49
\BOOKMARK [2][-]{subsection.3.5.6}{\376\377\000T\000a\000s\000k}{section.3.5}% 50
\BOOKMARK [1][-]{section.3.6}{\376\377\000R\000e\000s\000u\000l\000t\000s}{chapter.3}% 51
\BOOKMARK [2][-]{subsection.3.6.1}{\376\377\000Q\000u\000a\000n\000t\000i\000t\000a\000t\000i\000v\000e\000\040\000R\000e\000s\000u\000l\000t\000s}{section.3.6}% 52
\BOOKMARK [2][-]{subsection.3.6.2}{\376\377\000T\000i\000m\000e\000\040\000R\000e\000q\000u\000i\000r\000e\000d\000\040\000\050\000H\000.\0005\000\051}{section.3.6}% 53
\BOOKMARK [2][-]{subsection.3.6.3}{\376\377\000S\000u\000b\000j\000e\000c\000t\000i\000v\000e\000\040\000R\000e\000s\000u\000l\000t\000s\000\040\000\050\000H\000.\0008\000\040\000\046\000\040\000H\000.\0009\000\051}{section.3.6}% 54
\BOOKMARK [1][-]{section.3.7}{\376\377\000D\000i\000s\000c\000u\000s\000s\000i\000o\000n}{chapter.3}% 55
\BOOKMARK [2][-]{subsection.3.7.1}{\376\377\000A\000c\000c\000u\000r\000a\000c\000y\000\040\000o\000f\000\040\000P\000l\000a\000c\000e\000m\000e\000n\000t\000\040\000\050\000H\000.\0001\000\051}{section.3.7}% 56
\BOOKMARK [2][-]{subsection.3.7.2}{\376\377\000P\000l\000a\000c\000e\000m\000e\000n\000t\000\040\000A\000c\000c\000u\000r\000a\000c\000y\000\040\000f\000r\000o\000m\000\040\000U\000s\000e\000r\000\040\000V\000i\000e\000w\000p\000o\000i\000n\000t\000\040\000b\000y\000\040\000A\000x\000i\000s\000\040\000\050\000H\000.\0002\000\040\000\046\000\040\000H\000.\0003\000\051}{section.3.7}% 57
\BOOKMARK [2][-]{subsection.3.7.3}{\376\377\000T\000i\000m\000e\000\040\000R\000e\000q\000u\000i\000r\000e\000d\000\040\000\050\000H\000.\0005\000\051}{section.3.7}% 58
\BOOKMARK [2][-]{subsection.3.7.4}{\376\377\000U\000s\000e\000r\000\040\000B\000e\000h\000a\000v\000i\000o\000u\000r\000\040\000R\000e\000s\000u\000l\000t\000s\000\040\000\050\000H\000.\0006\000\040\000\046\000\040\000H\000.\0007\000\051}{section.3.7}% 59
\BOOKMARK [2][-]{subsection.3.7.5}{\376\377\000S\000u\000b\000j\000e\000c\000t\000i\000v\000e\000\040\000R\000e\000s\000u\000l\000t\000s\000\040\000\050\000H\000.\0008\000\040\000\046\000\040\000H\000.\0009\000\051}{section.3.7}% 60
\BOOKMARK [2][-]{subsection.3.7.6}{\376\377\000S\000u\000m\000m\000a\000r\000y\000\040\000o\000f\000\040\000D\000i\000s\000c\000u\000s\000s\000i\000o\000n}{section.3.7}% 61
\BOOKMARK [1][-]{section.3.8}{\376\377\000F\000u\000t\000u\000r\000e\000\040\000C\000o\000n\000s\000i\000d\000e\000r\000a\000t\000i\000o\000n\000s}{chapter.3}% 62
\BOOKMARK [1][-]{section.3.9}{\376\377\000C\000o\000n\000c\000l\000u\000s\000i\000o\000n}{chapter.3}% 63
\BOOKMARK [0][-]{chapter.4}{\376\377\000D\000e\000s\000i\000g\000n\000i\000n\000g\000\040\000X\000-\000r\000a\000y\000\040\000V\000i\000s\000u\000a\000l\000i\000z\000a\000t\000i\000o\000n\000s\000\040\000w\000i\000t\000h\000\040\000V\000o\000l\000u\000m\000e\000\040\000R\000e\000n\000d\000e\000r\000i\000n\000g}{}% 64
\BOOKMARK [1][-]{section.4.1}{\376\377\000F\000u\000n\000d\000a\000m\000e\000n\000t\000a\000l\000s\000\040\000o\000f\000\040\000V\000o\000l\000u\000m\000e\000\040\000R\000e\000n\000d\000e\000r\000i\000n\000g}{chapter.4}% 65
\BOOKMARK [2][-]{subsection.4.1.1}{\376\377\000T\000e\000c\000h\000n\000i\000c\000a\000l\000\040\000D\000e\000s\000c\000r\000i\000p\000t\000i\000o\000n\000\040\000o\000f\000\040\000V\000o\000l\000u\000m\000e\000\040\000R\000e\000n\000d\000e\000r\000i\000n\000g}{section.4.1}% 66
\BOOKMARK [2][-]{subsection.4.1.2}{\376\377\000V\000i\000s\000u\000a\000l\000i\000z\000i\000n\000g\000\040\000V\000o\000l\000u\000m\000e\000\040\000D\000a\000t\000a}{section.4.1}% 67
\BOOKMARK [2][-]{subsection.4.1.3}{\376\377\000D\000i\000r\000e\000c\000t\000\040\000V\000o\000l\000u\000m\000e\000\040\000R\000e\000n\000d\000e\000r\000i\000n\000g\000\040\000\050\000D\000V\000R\000\051}{section.4.1}% 68
\BOOKMARK [2][-]{subsection.4.1.4}{\376\377\000L\000i\000g\000h\000t\000\040\000S\000i\000m\000u\000l\000a\000t\000i\000o\000n\000\040\000U\000s\000i\000n\000g\000\040\000D\000i\000r\000e\000c\000t\000\040\000V\000o\000l\000u\000m\000e\000\040\000R\000e\000n\000d\000e\000r\000i\000n\000g}{section.4.1}% 69
\BOOKMARK [2][-]{subsection.4.1.5}{\376\377\000C\000i\000n\000e\000m\000a\000t\000i\000c\000\040\000R\000e\000n\000d\000e\000r\000i\000n\000g}{section.4.1}% 70
\BOOKMARK [2][-]{subsection.4.1.6}{\376\377\000R\000e\000a\000l\000\040\000T\000i\000m\000e\000\040\000D\000i\000r\000e\000c\000t\000\040\000V\000o\000l\000u\000m\000e\000\040\000R\000e\000n\000d\000e\000r\000i\000n\000g}{section.4.1}% 71
\BOOKMARK [1][-]{section.4.2}{\376\377\000D\000i\000s\000p\000l\000a\000y\000\040\000H\000a\000r\000d\000w\000a\000r\000e\000\040\000f\000o\000r\000\040\000S\000t\000e\000r\000e\000o\000s\000c\000o\000p\000i\000c\000\040\000D\000i\000r\000e\000c\000t\000\040\000V\000o\000l\000u\000m\000e\000\040\000R\000e\000n\000d\000e\000r\000i\000n\000g}{chapter.4}% 72
\BOOKMARK [2][-]{subsection.4.2.1}{\376\377\000D\000e\000s\000i\000g\000n\000i\000n\000g\000\040\000D\000i\000r\000e\000c\000t\000\040\000V\000o\000l\000u\000m\000e\000\040\000R\000e\000n\000d\000e\000r\000i\000n\000g\000\040\000f\000o\000r\000\040\000V\000o\000l\000u\000m\000e\000t\000r\000i\000c\000\040\000D\000i\000s\000p\000l\000a\000y\000s}{section.4.2}% 73
\BOOKMARK [2][-]{subsection.4.2.2}{\376\377\000A\000u\000t\000o\000s\000t\000e\000r\000e\000o\000s\000c\000o\000p\000i\000c\000\040\000D\000i\000s\000p\000l\000a\000y\000s}{section.4.2}% 74
\BOOKMARK [2][-]{subsection.4.2.3}{\376\377\000S\000t\000e\000r\000e\000o\000s\000c\000o\000p\000i\000c\000\040\000H\000e\000a\000d\000\040\000M\000o\000u\000n\000t\000e\000d\000\040\000D\000i\000s\000p\000l\000a\000y\000s}{section.4.2}% 75
\BOOKMARK [2][-]{subsection.4.2.4}{\376\377\000I\000m\000p\000l\000e\000m\000e\000n\000t\000a\000t\000i\000o\000n\000\040\000D\000e\000t\000a\000i\000l\000s}{section.4.2}% 76
\BOOKMARK [1][-]{section.4.3}{\376\377\000X\000-\000r\000a\000y\000\040\000V\000i\000s\000i\000o\000n\000\040\000T\000e\000c\000h\000n\000i\000q\000u\000e\000s\000\040\000f\000o\000r\000\040\000D\000i\000r\000e\000c\000t\000\040\000V\000o\000l\000u\000m\000e\000\040\000R\000e\000n\000d\000e\000r\000i\000n\000g\000\040\000o\000n\000\040\000O\000c\000u\000l\000a\000r\000\040\000S\000e\000e\000\040\000T\000h\000r\000o\000u\000g\000h\000\040\000A\000u\000g\000m\000e\000n\000t\000e\000d\000\040\000R\000e\000a\000l\000i\000t\000y\000\040\000D\000e\000v\000i\000c\000e\000s}{chapter.4}% 77
\BOOKMARK [1][-]{section.4.4}{\376\377\000V\000I\000R\000T\000:\000\040\000V\000o\000l\000u\000m\000e\000t\000r\000i\000c\000\040\000I\000l\000l\000u\000s\000t\000r\000a\000t\000i\000v\000e\000\040\000R\000e\000n\000d\000e\000r\000i\000n\000g\000\040\000T\000e\000c\000h\000n\000i\000q\000u\000e\000s}{chapter.4}% 78
\BOOKMARK [2][-]{subsection.4.4.1}{\376\377\000X\000-\000r\000a\000y\000\040\000V\000i\000s\000i\000o\000n\000\040\000o\000f\000\040\000E\000m\000p\000i\000r\000i\000c\000a\000l\000\040\000V\000o\000l\000u\000m\000e\000s}{section.4.4}% 79
\BOOKMARK [2][-]{subsection.4.4.2}{\376\377\000H\000a\000l\000o}{section.4.4}% 80
\BOOKMARK [2][-]{subsection.4.4.3}{\376\377\000S\000t\000i\000p\000p\000l\000i\000n\000g}{section.4.4}% 81
\BOOKMARK [2][-]{subsection.4.4.4}{\376\377\000H\000a\000t\000c\000h\000i\000n\000g}{section.4.4}% 82
\BOOKMARK [1][-]{section.4.5}{\376\377\000C\000o\000n\000c\000l\000u\000s\000i\000o\000n}{chapter.4}% 83
\BOOKMARK [0][-]{chapter.5}{\376\377\000R\000a\000n\000d\000o\000m\000\040\000V\000o\000l\000u\000m\000e\000\040\000G\000e\000n\000e\000r\000a\000t\000o\000r\000:\000\040\000G\000e\000n\000e\000r\000a\000t\000i\000n\000g\000\040\000I\000r\000r\000e\000g\000u\000l\000a\000r\000\040\000H\000i\000e\000r\000a\000r\000c\000h\000i\000c\000a\000l\000\040\000O\000b\000j\000e\000c\000t\000s\000\040\000f\000o\000r\000\040\000C\000o\000n\000t\000r\000o\000l\000l\000e\000d\000\040\000U\000s\000e\000r\000\040\000S\000t\000u\000d\000i\000e\000s}{}% 84
\BOOKMARK [1][-]{section.5.1}{\376\377\000N\000o\000i\000s\000y\000\040\000H\000i\000e\000r\000a\000r\000c\000h\000i\000c\000a\000l\000\040\000S\000p\000h\000e\000r\000e\000s}{chapter.5}% 85
\BOOKMARK [1][-]{section.5.2}{\376\377\000R\000a\000n\000d\000o\000m\000\040\000V\000o\000l\000u\000m\000e\000\040\000G\000e\000n\000e\000r\000a\000t\000o\000r\000'\000s\000\040\000S\000y\000s\000t\000e\000m\000\040\000D\000e\000s\000i\000g\000n}{chapter.5}% 86
\BOOKMARK [2][-]{subsection.5.2.1}{\376\377\000S\000y\000s\000t\000e\000m\000\040\000D\000e\000s\000i\000g\000n}{section.5.2}% 87
\BOOKMARK [2][-]{subsection.5.2.2}{\376\377\000V\000o\000x\000e\000l\000-\000B\000a\000s\000e\000d\000\040\000V\000e\000r\000i\000f\000i\000c\000a\000t\000i\000o\000n\000\040\000o\000f\000\040\000V\000o\000l\000u\000m\000e\000\040\000R\000e\000q\000u\000i\000r\000e\000m\000e\000n\000t\000s}{section.5.2}% 88
\BOOKMARK [2][-]{subsection.5.2.3}{\376\377\000I\000m\000m\000e\000r\000s\000i\000v\000e\000\040\000U\000s\000e\000r\000\040\000I\000n\000t\000e\000r\000f\000a\000c\000e\000\040\000D\000e\000s\000i\000g\000n}{section.5.2}% 89
\BOOKMARK [1][-]{section.5.3}{\376\377\000C\000o\000n\000c\000l\000u\000s\000i\000o\000n}{chapter.5}% 90
\BOOKMARK [0][-]{chapter.6}{\376\377\000P\000e\000r\000c\000e\000p\000t\000i\000o\000n\000\040\000o\000f\000\040\000V\000o\000l\000u\000m\000e\000t\000r\000i\000c\000\040\000I\000l\000l\000u\000s\000t\000r\000a\000t\000i\000v\000e\000\040\000E\000f\000f\000e\000c\000t\000s\000\040\000V\000i\000s\000u\000a\000l\000i\000z\000a\000t\000i\000o\000n\000s\000\040\000w\000i\000t\000h\000i\000n\000\040\000O\000S\000T\000\040\000A\000R}{}% 91
\BOOKMARK [1][-]{section.6.1}{\376\377\000V\000o\000l\000u\000m\000e\000t\000r\000i\000c\000\040\000I\000l\000l\000u\000s\000t\000r\000a\000t\000i\000v\000e\000\040\000R\000e\000n\000d\000e\000r\000i\000n\000g\000\040\000T\000e\000c\000h\000n\000i\000q\000u\000e\000s}{chapter.6}% 92
\BOOKMARK [1][-]{section.6.2}{\376\377\000U\000s\000e\000r\000\040\000S\000t\000u\000d\000y}{chapter.6}% 93
\BOOKMARK [2][-]{subsection.6.2.1}{\376\377\000R\000e\000s\000e\000a\000r\000c\000h\000\040\000Q\000u\000e\000s\000t\000i\000o\000n\000s}{section.6.2}% 94
\BOOKMARK [2][-]{subsection.6.2.2}{\376\377\000T\000a\000s\000k\000s}{section.6.2}% 95
\BOOKMARK [2][-]{subsection.6.2.3}{\376\377\000H\000y\000p\000o\000t\000h\000e\000s\000e\000s}{section.6.2}% 96
\BOOKMARK [2][-]{subsection.6.2.4}{\376\377\000P\000a\000r\000t\000i\000c\000i\000p\000a\000n\000t\000s}{section.6.2}% 97
\BOOKMARK [2][-]{subsection.6.2.5}{\376\377\000P\000r\000o\000c\000e\000d\000u\000r\000e}{section.6.2}% 98
\BOOKMARK [2][-]{subsection.6.2.6}{\376\377\000S\000t\000u\000d\000y\000\040\000E\000n\000v\000i\000r\000o\000n\000m\000e\000n\000t}{section.6.2}% 99
\BOOKMARK [1][-]{section.6.3}{\376\377\000R\000e\000s\000u\000l\000t\000s}{chapter.6}% 100
\BOOKMARK [2][-]{subsection.6.3.1}{\376\377\000A\000c\000c\000u\000r\000a\000c\000y\000\040\000\050\000H\000.\0001\000\040\000\046\000\040\000H\000.\0003\000\051}{section.6.3}% 101
\BOOKMARK [2][-]{subsection.6.3.2}{\376\377\000T\000i\000m\000e\000\040\000R\000e\000q\000u\000i\000r\000e\000d\000\040\000\050\000H\000.\0002\000\040\000\046\000\040\000H\000.\0004\000\051}{section.6.3}% 102
\BOOKMARK [2][-]{subsection.6.3.3}{\376\377\000U\000s\000e\000r\000\040\000B\000e\000h\000a\000v\000i\000o\000u\000r\000a\000l\000\040\000A\000n\000a\000l\000y\000s\000i\000s\000\040\000\050\000H\000.\0005\000\051}{section.6.3}% 103
\BOOKMARK [1][-]{section.6.4}{\376\377\000D\000i\000s\000c\000u\000s\000s\000i\000o\000n}{chapter.6}% 104
\BOOKMARK [2][-]{subsection.6.4.1}{\376\377\000A\000c\000c\000u\000r\000a\000c\000y\000\040\000\050\000H\000.\0001\000\040\000\046\000\040\000H\000.\0003\000\051}{section.6.4}% 105
\BOOKMARK [2][-]{subsection.6.4.2}{\376\377\000T\000i\000m\000e\000\040\000R\000e\000q\000u\000i\000r\000e\000d\000\040\000\050\000H\000.\0002\000\040\000\046\000\040\000H\000.\0004\000\051}{section.6.4}% 106
\BOOKMARK [2][-]{subsection.6.4.3}{\376\377\000P\000a\000r\000t\000i\000c\000i\000p\000a\000n\000t\000\040\000B\000e\000h\000a\000v\000i\000o\000u\000r\000\040\000\050\000H\000.\0005\000\051}{section.6.4}% 107
\BOOKMARK [2][-]{subsection.6.4.4}{\376\377\000S\000u\000b\000j\000e\000c\000t\000i\000v\000e\000\040\000R\000e\000s\000u\000l\000t\000s\000\040\000\050\000H\000.\0006\000\051}{section.6.4}% 108
\BOOKMARK [1][-]{section.6.5}{\376\377\000C\000o\000n\000c\000l\000u\000s\000i\000o\000n}{chapter.6}% 109
\BOOKMARK [0][-]{chapter.7}{\376\377\000T\000h\000e\000\040\000L\000i\000m\000i\000t\000s\000\040\000o\000f\000\040\000D\000e\000p\000t\000h\000\040\000P\000e\000r\000c\000e\000p\000t\000i\000o\000n\000\040\000w\000h\000e\000n\000\040\000U\000s\000i\000n\000g\000\040\000V\000o\000l\000u\000m\000e\000t\000r\000i\000c\000\040\000I\000l\000l\000u\000s\000t\000r\000a\000t\000i\000v\000e\000\040\000R\000e\000n\000d\000e\000r\000i\000n\000g\000\040\000T\000e\000c\000h\000n\000i\000q\000u\000e\000s}{}% 110
\BOOKMARK [1][-]{section.7.1}{\376\377\000V\000o\000l\000u\000m\000e\000t\000r\000i\000c\000\040\000I\000l\000l\000u\000s\000t\000r\000a\000t\000i\000v\000e\000\040\000R\000e\000n\000d\000e\000r\000i\000n\000g\000\040\000T\000e\000c\000h\000n\000i\000q\000u\000e\000s\000\040\000I\000m\000p\000a\000c\000t\000\040\000o\000n\000\040\000D\000e\000p\000t\000h\000\040\000P\000e\000r\000c\000e\000p\000t\000i\000o\000n\000\040\000o\000n\000\040\000O\000c\000l\000u\000a\000r\000\040\000S\000e\000e\000\040\000T\000h\000o\000u\000g\000h\000\040\000D\000e\000v\000i\000c\000e\000s}{chapter.7}% 111
\BOOKMARK [1][-]{section.7.2}{\376\377\000U\000s\000e\000r\000\040\000S\000t\000u\000d\000y}{chapter.7}% 112
\BOOKMARK [2][-]{subsection.7.2.1}{\376\377\000R\000e\000s\000e\000a\000r\000c\000h\000\040\000Q\000u\000e\000s\000t\000i\000o\000n\000s}{section.7.2}% 113
\BOOKMARK [2][-]{subsection.7.2.2}{\376\377\000H\000y\000p\000o\000t\000h\000e\000s\000i\000s}{section.7.2}% 114
\BOOKMARK [2][-]{subsection.7.2.3}{\376\377\000P\000a\000r\000t\000i\000c\000i\000p\000a\000n\000t\000s}{section.7.2}% 115
\BOOKMARK [2][-]{subsection.7.2.4}{\376\377\000S\000t\000u\000d\000y\000\040\000D\000e\000s\000i\000g\000n}{section.7.2}% 116
\BOOKMARK [2][-]{subsection.7.2.5}{\376\377\000S\000t\000u\000d\000y\000\040\000E\000n\000v\000i\000r\000o\000n\000m\000e\000n\000t}{section.7.2}% 117
\BOOKMARK [2][-]{subsection.7.2.6}{\376\377\000G\000e\000n\000e\000r\000a\000t\000i\000o\000n\000\040\000a\000n\000d\000\040\000P\000l\000a\000c\000e\000m\000e\000n\000t\000\040\000o\000f\000\040\000V\000o\000l\000u\000m\000e\000s}{section.7.2}% 118
\BOOKMARK [1][-]{section.7.3}{\376\377\000R\000e\000s\000u\000l\000t\000s}{chapter.7}% 119
\BOOKMARK [2][-]{subsection.7.3.1}{\376\377\000P\000s\000y\000c\000h\000o\000m\000e\000t\000r\000i\000c\000\040\000A\000n\000a\000l\000y\000s\000i\000s\000\040\000o\000f\000\040\000D\000e\000p\000t\000h\000\040\000P\000e\000r\000c\000e\000p\000t\000i\000o\000n}{section.7.3}% 120
\BOOKMARK [1][-]{section.7.4}{\376\377\000D\000i\000s\000c\000u\000s\000s\000i\000o\000n}{chapter.7}% 121
\BOOKMARK [2][-]{subsection.7.4.1}{\376\377\000P\000s\000y\000c\000h\000o\000m\000e\000t\000r\000i\000c\000\040\000A\000n\000a\000l\000y\000s\000i\000s\000\040\000\050\000H\000.\0001\000\040\000\046\000\040\000H\000.\0002\000\051}{section.7.4}% 122
\BOOKMARK [2][-]{subsection.7.4.2}{\376\377\000T\000i\000m\000e\000\040\000R\000e\000q\000u\000i\000r\000e\000d\000\040\000\050\000H\000.\0003\000\051}{section.7.4}% 123
\BOOKMARK [2][-]{subsection.7.4.3}{\376\377\000U\000s\000e\000r\000\040\000B\000e\000h\000a\000v\000i\000o\000r\000a\000l\000\040\000A\000n\000a\000l\000y\000s\000i\000s\000\040\000\050\000H\000.\0004\000\051}{section.7.4}% 124
\BOOKMARK [2][-]{subsection.7.4.4}{\376\377\000S\000u\000b\000j\000e\000c\000t\000i\000v\000e\000\040\000R\000e\000s\000u\000l\000t\000s\000\040\000\050\000H\000.\0005\000\051}{section.7.4}% 125
\BOOKMARK [1][-]{section.7.5}{\376\377\000C\000o\000n\000c\000l\000u\000s\000i\000o\000n}{chapter.7}% 126
\BOOKMARK [0][-]{chapter.8}{\376\377\000C\000o\000n\000c\000l\000u\000s\000i\000o\000n}{}% 127
\BOOKMARK [1][-]{section.8.1}{\376\377\000X\000-\000r\000a\000y\000\040\000V\000i\000s\000i\000o\000n\000\040\000E\000v\000a\000l\000u\000a\000t\000i\000o\000n}{chapter.8}% 128
\BOOKMARK [1][-]{section.8.2}{\376\377\000X\000-\000r\000a\000y\000\040\000V\000i\000s\000u\000a\000l\000i\000z\000a\000t\000i\000o\000n\000s\000\040\000f\000o\000r\000\040\000D\000i\000r\000e\000c\000t\000\040\000V\000o\000l\000u\000m\000e\000\040\000R\000e\000n\000d\000e\000r\000i\000n\000g}{chapter.8}% 129
\BOOKMARK [1][-]{section.8.3}{\376\377\000E\000v\000a\000l\000u\000a\000t\000i\000o\000n\000\040\000o\000f\000\040\000V\000o\000l\000u\000m\000e\000t\000r\000i\000c\000\040\000I\000l\000l\000u\000s\000t\000r\000a\000t\000i\000v\000e\000\040\000R\000e\000n\000d\000e\000r\000i\000n\000g\000\040\000T\000e\000c\000h\000n\000i\000q\000u\000e\000s}{chapter.8}% 130
\BOOKMARK [2][-]{subsection.8.3.1}{\376\377\000P\000e\000r\000c\000e\000p\000t\000i\000o\000n}{section.8.3}% 131
\BOOKMARK [2][-]{subsection.8.3.2}{\376\377\000D\000e\000p\000t\000h\000\040\000P\000e\000r\000c\000e\000p\000t\000i\000o\000n}{section.8.3}% 132
\BOOKMARK [1][-]{section.8.4}{\376\377\000F\000u\000t\000u\000r\000e\000\040\000W\000o\000r\000k}{chapter.8}% 133
\BOOKMARK [2][-]{subsection.8.4.1}{\376\377\000A\000u\000g\000m\000e\000n\000t\000e\000d\000\040\000R\000e\000a\000l\000i\000t\000y\000\040\000E\000n\000a\000b\000l\000e\000d\000\040\000X\000-\000r\000a\000y\000\040\000V\000i\000s\000i\000o\000n}{section.8.4}% 134
\BOOKMARK [2][-]{subsection.8.4.2}{\376\377\000D\000i\000r\000e\000c\000t\000\040\000V\000o\000l\000u\000m\000e\000\040\000R\000e\000n\000d\000e\000r\000i\000n\000g\000\040\000D\000i\000s\000p\000l\000a\000y\000e\000d\000\040\000U\000s\000i\000n\000g\000\040\000O\000c\000u\000l\000a\000r\000\040\000S\000e\000e\000\040\000T\000h\000r\000o\000u\000g\000h\000\040\000A\000u\000g\000m\000e\000n\000t\000e\000d\000\040\000R\000e\000a\000l\000i\000t\000y}{section.8.4}% 135
\BOOKMARK [2][-]{subsection.8.4.3}{\376\377\000F\000u\000r\000t\000h\000e\000r\000\040\000E\000v\000a\000l\000u\000a\000t\000i\000o\000n\000s}{section.8.4}% 136
\BOOKMARK [1][-]{section.8.5}{\376\377\000F\000i\000n\000a\000l\000\040\000R\000e\000m\000a\000r\000k\000s}{chapter.8}% 137
\BOOKMARK [0][-]{chapter*.192}{\376\377\000B\000i\000b\000l\000i\000o\000g\000r\000a\000p\000h\000y}{}% 138
\BOOKMARK [0][-]{chapter*.193}{\376\377\000L\000i\000s\000t\000\040\000o\000f\000\040\000F\000i\000g\000u\000r\000e\000s}{}% 139
\BOOKMARK [0][-]{chapter*.194}{\376\377\000L\000i\000s\000t\000\040\000o\000f\000\040\000T\000a\000b\000l\000e\000s}{}% 140
\BOOKMARK [0][-]{appendix.A}{\376\377\000H\000o\000l\000o\000g\000r\000a\000p\000h\000i\000c\000\040\000O\000v\000e\000r\000l\000a\000y\000\040\000S\000y\000s\000t\000e\000m\000\040\000D\000e\000t\000a\000i\000l\000s}{}% 141
\BOOKMARK [0][-]{appendix.B}{\376\377\000X\000-\000r\000a\000y\000\040\000V\000i\000s\000i\000o\000n\000\040\000L\000i\000t\000e\000r\000a\000t\000u\000r\000e\000\040\000R\000e\000v\000i\000e\000w\000\040\000M\000e\000t\000h\000o\000d\000o\000l\000o\000g\000y}{}% 142
\BOOKMARK [0][-]{appendix.C}{\376\377\000C\000l\000a\000s\000s\000\040\000D\000i\000a\000g\000r\000a\000m\000\040\000f\000o\000r\000\040\000R\000a\000n\000d\000o\000m\000\040\000G\000e\000n\000e\000r\000a\000t\000i\000n\000g\000\040\000V\000o\000l\000u\000m\000e\000s}{}% 143
\BOOKMARK [0][-]{appendix.D}{\376\377\000C\000h\000a\000p\000t\000e\000r\000\040\0005\000:\000\040\000C\000o\000u\000n\000t\000i\000n\000g\000\040\000E\000v\000e\000r\000y\000t\000h\000i\000n\000g\000\040\000P\000o\000s\000t\000\040\000H\000o\000c}{}% 144
\BOOKMARK [0][-]{appendix.E}{\376\377\000C\000h\000a\000p\000t\000e\000r\000\040\0003\000'\000s\000\040\000P\000a\000r\000t\000i\000c\000i\000p\000a\000n\000t\000\040\000C\000o\000m\000m\000e\000n\000t\000s\000\040\000o\000n\000\040\000X\000-\000R\000a\000y\000\040\000V\000i\000s\000i\000o\000n}{}% 145
\BOOKMARK [1][-]{section.E.1}{\376\377\000F\000a\000v\000o\000r\000i\000t\000e\000\040\000V\000i\000s\000u\000a\000l\000i\000z\000a\000t\000i\000o\000n\000s\000\040\000a\000n\000d\000\040\000W\000h\000y}{appendix.E}% 146
\BOOKMARK [1][-]{section.E.2}{\376\377\000G\000e\000n\000e\000r\000a\000l\000\040\000C\000o\000m\000m\000e\000n\000t\000s}{appendix.E}% 147
\BOOKMARK [0][-]{appendix.F}{\376\377\000F\000e\000e\000d\000b\000a\000c\000k\000\040\000f\000r\000o\000m\000\040\000C\000h\000a\000p\000t\000e\000r\000\040\0005\000\040\000E\000x\000a\000m\000i\000n\000g\000\040\000t\000h\000e\000\040\000E\000f\000f\000e\000c\000t\000\040\000o\000f\000\040\000P\000e\000r\000c\000e\000p\000t\000i\000o\000n\000\040\000o\000n\000\040\000V\000I\000R\000T\000s}{}% 148
\BOOKMARK [1][-]{section.F.1}{\376\377\000T\000h\000i\000n\000g\000s\000\040\000T\000h\000a\000t\000\040\000W\000e\000r\000e\000\040\000L\000i\000k\000e\000d\000\040\000a\000n\000d\000\040\000D\000i\000s\000l\000i\000k\000e\000d\000\040\000A\000b\000o\000u\000t\000\040\000V\000I\000R\000T\000s}{appendix.F}% 149
\BOOKMARK [2][-]{subsection.F.1.1}{\376\377\000H\000a\000l\000o}{section.F.1}% 150
\BOOKMARK [2][-]{subsection.F.1.2}{\376\377\000H\000a\000t\000c\000h\000i\000n\000g}{section.F.1}% 151
\BOOKMARK [2][-]{subsection.F.1.3}{\376\377\000N\000o\000\040\000V\000I\000R\000T}{section.F.1}% 152
\BOOKMARK [2][-]{subsection.F.1.4}{\376\377\000S\000t\000i\000p\000p\000l\000i\000n\000g}{section.F.1}% 153
\BOOKMARK [0][-]{appendix.G}{\376\377\000F\000e\000e\000d\000b\000a\000c\000k\000\040\000f\000r\000o\000m\000\040\000C\000h\000a\000p\000t\000e\000r\000\040\0006\000\040\000E\000x\000a\000m\000i\000n\000i\000n\000g\000\040\000t\000h\000e\000\040\000l\000i\000m\000i\000t\000s\000\040\000o\000f\000\040\000D\000e\000p\000t\000h\000\040\000P\000e\000r\000c\000e\000p\000t\000i\000o\000n}{}% 154
\BOOKMARK [1][-]{section.G.1}{\376\377\000T\000h\000i\000n\000g\000s\000\040\000T\000h\000a\000t\000\040\000W\000e\000r\000e\000\040\000L\000i\000k\000e\000d\000\040\000a\000n\000d\000\040\000D\000i\000s\000l\000i\000k\000e\000d\000\040\000A\000b\000o\000u\000t\000\040\000V\000I\000R\000T\000s}{appendix.G}% 155
\BOOKMARK [2][-]{subsection.G.1.1}{\376\377\000H\000a\000l\000o}{section.G.1}% 156
\BOOKMARK [2][-]{subsection.G.1.2}{\376\377\000H\000a\000t\000c\000h\000i\000n\000g}{section.G.1}% 157
\BOOKMARK [2][-]{subsection.G.1.3}{\376\377\000N\000o\000\040\000V\000I\000R\000T}{section.G.1}% 158
\BOOKMARK [2][-]{subsection.G.1.4}{\376\377\000S\000t\000i\000p\000p\000l\000i\000n\000g}{section.G.1}% 159
\BOOKMARK [1][-]{section.G.2}{\376\377\000V\000a\000l\000i\000d\000a\000t\000i\000o\000n\000\040\000f\000o\000r\000\040\000A\000n\000s\000w\000e\000r\000s\000\040\000G\000i\000v\000e\000n\000\040\000i\000n\000\040\000t\000h\000e\000\040\000P\000o\000s\000t\000-\000S\000t\000u\000d\000y\000\040\000Q\000u\000e\000s\000t\000i\000o\000n\000a\000i\000r\000e}{appendix.G}% 160
\BOOKMARK [2][-]{subsection.G.2.1}{\376\377\000W\000h\000a\000t\000\040\000M\000a\000d\000e\000\040\000T\000h\000e\000\040\000V\000i\000s\000u\000a\000l\000i\000z\000a\000t\000i\000o\000n\000\040\000E\000a\000s\000y\000\040\000t\000o\000\040\000u\000s\000e\000?}{section.G.2}% 161
\BOOKMARK [2][-]{subsection.G.2.2}{\376\377\000W\000h\000a\000t\000\040\000M\000a\000d\000e\000\040\000T\000h\000e\000\040\000V\000i\000s\000u\000a\000l\000i\000z\000a\000t\000i\000o\000n\000\040\000D\000i\000f\000f\000i\000c\000u\000l\000t\000\040\000t\000o\000\040\000u\000s\000e\000?}{section.G.2}% 162
\BOOKMARK [2][-]{subsection.G.2.3}{\376\377\000W\000h\000y\000\040\000D\000o\000\040\000Y\000o\000u\000\040\000T\000h\000i\000n\000k\000\040\000Y\000o\000u\000\040\000P\000e\000r\000f\000o\000r\000m\000e\000d\000\040\000B\000e\000t\000t\000e\000r\000\040\000W\000i\000t\000h\000\040\000T\000h\000e\000s\000e\000\040\000V\000i\000s\000u\000a\000l\000i\000z\000a\000t\000i\000o\000n\000?}{section.G.2}% 163
\BOOKMARK [2][-]{subsection.G.2.4}{\376\377\000W\000h\000y\000\040\000D\000o\000\040\000Y\000o\000u\000\040\000T\000h\000i\000n\000k\000\040\000Y\000o\000u\000\040\000P\000e\000r\000f\000o\000r\000m\000e\000d\000\040\000W\000o\000r\000s\000e\000\040\000W\000i\000t\000h\000\040\000T\000h\000e\000s\000e\000\040\000v\000i\000s\000u\000a\000l\000i\000z\000a\000t\000i\000o\000n\000?}{section.G.2}% 164
\BOOKMARK [1][-]{section.G.3}{\376\377\000G\000e\000n\000e\000r\000a\000l\000\040\000C\000o\000m\000m\000e\000n\000t\000s}{appendix.G}% 165
\BOOKMARK [1][-]{section.G.4}{\376\377\000V\000a\000l\000i\000d\000a\000t\000i\000o\000n\000\040\000f\000o\000r\000\040\000A\000n\000s\000w\000e\000r\000s\000\040\000G\000i\000v\000e\000n\000\040\000i\000n\000\040\000t\000h\000e\000\040\000P\000o\000s\000t\000-\000S\000t\000u\000d\000y\000\040\000Q\000u\000e\000s\000t\000i\000o\000n\000a\000i\000r\000e}{appendix.G}% 166
\BOOKMARK [2][-]{subsection.G.4.1}{\376\377\000W\000h\000a\000t\000\040\000M\000a\000d\000e\000\040\000T\000h\000e\000\040\000V\000i\000s\000u\000a\000l\000i\000z\000a\000t\000i\000o\000n\000\040\000E\000a\000s\000y\000\040\000t\000o\000\040\000u\000s\000e\000?}{section.G.4}% 167
\BOOKMARK [2][-]{subsection.G.4.2}{\376\377\000W\000h\000a\000t\000\040\000M\000a\000d\000e\000\040\000T\000h\000e\000s\000e\000\040\000v\000i\000s\000u\000a\000l\000i\000z\000a\000t\000i\000o\000n\000\040\000D\000i\000f\000f\000i\000c\000u\000l\000t\000\040\000t\000o\000\040\000u\000s\000e\000?}{section.G.4}% 168
\BOOKMARK [2][-]{subsection.G.4.3}{\376\377\000W\000h\000y\000\040\000D\000o\000\040\000Y\000o\000u\000\040\000T\000h\000i\000n\000k\000\040\000Y\000o\000u\000\040\000P\000e\000r\000f\000o\000r\000m\000e\000d\000\040\000B\000e\000t\000t\000e\000r\000\040\000W\000i\000t\000h\000\040\000T\000h\000e\000s\000e\000\040\000v\000i\000s\000u\000a\000l\000i\000z\000a\000t\000i\000o\000n\000?}{section.G.4}% 169
\BOOKMARK [2][-]{subsection.G.4.4}{\376\377\000W\000h\000y\000\040\000D\000o\000\040\000Y\000o\000u\000\040\000T\000h\000i\000n\000k\000\040\000Y\000o\000u\000\040\000P\000e\000r\000f\000o\000r\000m\000e\000d\000\040\000W\000o\000r\000s\000e\000\040\000W\000i\000t\000h\000\040\000T\000h\000e\000s\000e\000\040\000v\000i\000s\000u\000a\000l\000i\000z\000a\000t\000i\000o\000n\000?}{section.G.4}% 170
\BOOKMARK [1][-]{section.G.5}{\376\377\000G\000e\000n\000e\000r\000a\000l\000\040\000C\000o\000m\000m\000e\000n\000t\000s}{appendix.G}% 171
\BOOKMARK [0][-]{appendix.H}{\376\377\000S\000t\000a\000t\000e\000m\000e\000n\000t\000s\000\040\000o\000f\000\040\000A\000u\000t\000h\000o\000r\000s\000h\000i\000p}{}% 172
